<?xml version="1.0" encoding="UTF-8"?>
<!-- Generated by org.testng.reporters.JUnitXMLReporter -->
<testsuite ignored="3" hostname="Sonalis-MacBook-Pro.local" failures="1" tests="5" name="Command line test" time="0.443" errors="0" timestamp="2021-02-16T15:28:35 PST">
  <testcase classname="ApplicationTests.DropDownTest" name="dropDownTest" time="0.422"/>
  <testcase classname="ApplicationTests.CheckBoxTest" name="checkBoxTest" time="0.001">
    <failure type="java.lang.NullPointerException" message="Cannot invoke &amp;quot;org.openqa.selenium.SearchContext.findElement(org.openqa.selenium.By)&amp;quot; because &amp;quot;this.searchContext&amp;quot; is null">
      <![CDATA[java.lang.NullPointerException: Cannot invoke "org.openqa.selenium.SearchContext.findElement(org.openqa.selenium.By)" because "this.searchContext" is null
at org.openqa.selenium.support.pagefactory.DefaultElementLocator.findElement(DefaultElementLocator.java:69)
at org.openqa.selenium.support.pagefactory.internal.LocatingElementHandler.invoke(LocatingElementHandler.java:38)
at com.sun.proxy.$Proxy8.click(Unknown Source)
at Pages.CheckBoxPage.goToCheckBoxPage(CheckBoxPage.java:24)
at ApplicationTests.CheckBoxTest.checkBoxTest(CheckBoxTest.java:12)
at java.base/java.util.ArrayList.forEach(ArrayList.java:1511)
... Removed 37 stack frames]]>
    </failure>
  </testcase> <!-- checkBoxTest -->
  <testcase classname="ApplicationTests.BasicAuthHandelTest" name="loginWithCredentials" time="0.001"/>
  <testcase classname="APITest.BaseApiTest" name="postCallTest" time="0.0"/>
  <testcase classname="APITest.BaseApiTest" name="postCallTestNegative" time="0.0"/>
  <testcase classname="base.BaseTest" name="@BeforeSuite beforeSuiteSetup" time="0.0">
    <ignored/>
  </testcase> <!-- @BeforeSuite beforeSuiteSetup -->
  <testcase classname="base.BaseTest" name="@BeforeSuite beforeSuiteSetup" time="0.0">
    <ignored/>
  </testcase> <!-- @BeforeSuite beforeSuiteSetup -->
  <testcase classname="base.BaseTest" name="@BeforeSuite beforeSuiteSetup" time="0.0">
    <ignored/>
  </testcase> <!-- @BeforeSuite beforeSuiteSetup -->
</testsuite> <!-- Command line test -->
