<?xml version="1.0" encoding="UTF-8"?>
<!-- Generated by org.testng.reporters.JUnitXMLReporter -->
<testsuite ignored="2" hostname="Sonalis-MacBook-Pro.local" failures="0" tests="4" name="Command line test" time="0.376" errors="0" timestamp="2021-02-13T22:35:57 PST">
  <testcase classname="ApplicationTests.CheckBoxTest" name="checkBoxTest" time="0.357"/>
  <testcase classname="ApplicationTests.BasicAuthHandelTest" name="loginWithCredentials" time="0.0"/>
  <testcase classname="APITest.BaseApiTest" name="postCallTest" time="0.0"/>
  <testcase classname="APITest.BaseApiTest" name="postCallTestNegative" time="0.0"/>
  <testcase classname="base.BaseTest" name="@BeforeSuite beforeSuiteSetup" time="0.0">
    <ignored/>
  </testcase> <!-- @BeforeSuite beforeSuiteSetup -->
  <testcase classname="base.BaseTest" name="@BeforeSuite beforeSuiteSetup" time="0.0">
    <ignored/>
  </testcase> <!-- @BeforeSuite beforeSuiteSetup -->
</testsuite> <!-- Command line test -->
