<?xml version="1.0" encoding="UTF-8"?>
<testng-results ignored="2" total="6" passed="4" failed="0" skipped="0">
  <reporter-output>
  </reporter-output>
  <suite started-at="2021-02-13T22:35:57 PST" name="Command line suite" finished-at="2021-02-13T22:35:57 PST" duration-ms="376">
    <groups>
    </groups>
    <test started-at="2021-02-13T22:35:57 PST" name="Command line test" finished-at="2021-02-13T22:35:57 PST" duration-ms="376">
      <class name="ApplicationTests.BasicAuthHandelTest">
        <test-method signature="loginWithCredentials()[pri:0, instance:ApplicationTests.BasicAuthHandelTest@74a10858]" started-at="2021-02-13T22:35:57 PST" name="loginWithCredentials" finished-at="2021-02-13T22:35:57 PST" duration-ms="0" status="PASS">
          <reporter-output>
          </reporter-output>
        </test-method> <!-- loginWithCredentials -->
      </class> <!-- ApplicationTests.BasicAuthHandelTest -->
      <class name="APITest.BaseApiTest">
        <test-method signature="postCallTestNegative()[pri:0, instance:APITest.BaseApiTest@23fe1d71]" started-at="2021-02-13T22:35:57 PST" name="postCallTestNegative" finished-at="2021-02-13T22:35:57 PST" duration-ms="0" status="PASS">
          <reporter-output>
          </reporter-output>
        </test-method> <!-- postCallTestNegative -->
        <test-method signature="postCallTest()[pri:0, instance:APITest.BaseApiTest@23fe1d71]" started-at="2021-02-13T22:35:57 PST" name="postCallTest" finished-at="2021-02-13T22:35:57 PST" duration-ms="0" status="PASS">
          <reporter-output>
          </reporter-output>
        </test-method> <!-- postCallTest -->
      </class> <!-- APITest.BaseApiTest -->
      <class name="ApplicationTests.CheckBoxTest">
        <test-method is-config="true" signature="beforeSuiteSetup()[pri:0, instance:ApplicationTests.CheckBoxTest@8e24743]" started-at="2021-02-13T22:35:53 PST" name="beforeSuiteSetup" finished-at="2021-02-13T22:35:57 PST" duration-ms="4093" status="PASS">
          <reporter-output>
          </reporter-output>
        </test-method> <!-- beforeSuiteSetup -->
        <test-method signature="checkBoxTest()[pri:0, instance:ApplicationTests.CheckBoxTest@8e24743]" started-at="2021-02-13T22:35:57 PST" name="checkBoxTest" finished-at="2021-02-13T22:35:57 PST" duration-ms="357" status="PASS">
          <reporter-output>
          </reporter-output>
        </test-method> <!-- checkBoxTest -->
      </class> <!-- ApplicationTests.CheckBoxTest -->
    </test> <!-- Command line test -->
  </suite> <!-- Command line suite -->
</testng-results>
